SF:lib\app\habits\data\datasources\habit_datasource.local.dart
DA:8,1
DA:12,1
DA:14,3
DA:15,3
DA:21,1
DA:23,1
DA:24,3
DA:25,4
DA:30,1
DA:32,3
DA:33,3
DA:39,1
DA:41,3
DA:42,4
LF:14
LH:14
end_of_record
SF:lib\app\habits\data\models\habit_model.dart
DA:17,3
DA:27,3
DA:28,3
DA:29,3
DA:30,3
DA:31,3
DA:32,3
DA:33,3
DA:34,3
DA:35,3
DA:39,2
DA:40,2
DA:41,2
DA:42,2
DA:43,2
DA:44,2
DA:45,2
DA:46,2
DA:47,2
DA:51,3
DA:55,9
DA:56,9
DA:57,9
DA:58,9
DA:59,9
DA:60,9
DA:61,9
DA:64,1
DA:66,3
DA:67,3
DA:68,3
DA:69,3
DA:70,3
DA:71,2
LF:34
LH:34
end_of_record
SF:lib\app\habits\domain\entities\habit_entity.dart
DA:12,6
DA:22,5
DA:26,12
DA:27,12
DA:28,12
DA:29,12
DA:30,12
DA:31,12
DA:32,12
DA:35,1
DA:37,3
DA:38,3
DA:39,3
DA:40,3
DA:41,3
DA:42,2
DA:45,3
DA:54,3
DA:55,3
DA:56,2
DA:57,3
DA:58,2
DA:59,3
DA:60,3
DA:61,3
LF:25
LH:25
end_of_record
SF:lib\app\habits\data\repositories\habit_repository_impl.dart
DA:11,1
DA:13,1
DA:15,2
DA:16,2
DA:17,1
DA:19,2
DA:23,1
DA:25,2
DA:26,2
DA:27,1
DA:29,2
DA:33,1
DA:35,2
DA:36,1
DA:37,2
DA:38,2
DA:39,2
DA:42,1
DA:46,1
DA:48,2
DA:49,2
DA:50,1
DA:52,2
DA:56,1
DA:58,1
DA:59,1
DA:60,1
DA:61,1
DA:62,1
DA:63,1
DA:64,1
DA:66,1
LF:32
LH:32
end_of_record
SF:lib\core\utils\failure.dart
DA:11,16
DA:17,4
DA:21,3
DA:22,3
DA:23,3
DA:26,1
DA:27,8
DA:31,7
DA:35,7
DA:39,3
LF:10
LH:10
end_of_record
SF:lib\core\utils\result.dart
DA:7,4
DA:9,3
DA:11,2
DA:13,6
DA:15,2
DA:17,1
DA:21,1
DA:22,2
DA:24,2
DA:28,3
DA:32,18
DA:35,1
DA:36,5
LF:13
LH:13
end_of_record
SF:lib\app\habits\domain\usecases\fetch_habits_usecase.dart
DA:12,1
DA:15,1
DA:17,2
LF:3
LH:3
end_of_record
SF:lib\app\habits\domain\usecases\save_habit_usecase.dart
DA:15,1
DA:18,1
DA:22,1
DA:23,4
DA:24,4
DA:25,4
DA:26,3
DA:27,3
DA:28,3
DA:29,4
DA:30,4
DA:33,1
DA:34,1
DA:37,3
DA:38,1
DA:40,2
DA:41,3
DA:42,1
DA:43,1
DA:44,3
DA:45,3
DA:49,2
DA:50,2
LF:23
LH:23
end_of_record
