SF:lib\app\habits\data\datasources\habit_datasource.local.dart
DA:8,1
DA:12,1
DA:14,3
DA:15,3
DA:21,1
DA:23,1
DA:24,3
DA:25,4
DA:30,1
DA:32,3
DA:33,3
DA:39,1
DA:41,3
DA:42,4
LF:14
LH:14
end_of_record
SF:lib\app\habits\data\models\habit_model.dart
DA:17,3
DA:27,3
DA:28,3
DA:29,3
DA:30,3
DA:31,3
DA:32,3
DA:33,3
DA:34,3
DA:35,3
DA:39,2
DA:40,2
DA:41,2
DA:42,2
DA:43,2
DA:44,2
DA:45,2
DA:46,2
DA:47,2
DA:51,3
DA:55,9
DA:56,9
DA:57,9
DA:58,9
DA:59,9
DA:60,9
DA:61,9
DA:64,2
DA:66,6
DA:67,6
DA:68,6
DA:69,6
DA:70,6
DA:71,4
LF:34
LH:34
end_of_record
SF:lib\app\habits\domain\entities\habit_entity.dart
DA:12,7
DA:22,6
DA:26,12
DA:27,12
DA:28,12
DA:29,12
DA:30,12
DA:31,12
DA:32,12
DA:35,1
DA:37,3
DA:38,3
DA:39,3
DA:40,3
DA:41,3
DA:42,2
DA:45,3
DA:54,3
DA:55,3
DA:56,2
DA:57,3
DA:58,2
DA:59,3
DA:60,3
DA:61,3
LF:25
LH:25
end_of_record
SF:lib\app\progress\data\models\progress_model.dart
DA:13,3
DA:19,2
DA:20,2
DA:21,2
DA:22,2
DA:26,2
DA:27,2
DA:28,2
DA:29,2
DA:33,3
DA:37,9
DA:38,9
DA:39,9
DA:42,1
DA:43,2
LF:15
LH:15
end_of_record
SF:lib\app\progress\domain\entities\progress_entity.dart
DA:8,5
DA:13,5
DA:17,9
DA:18,9
DA:21,1
DA:22,2
DA:24,1
DA:28,1
DA:29,1
DA:30,1
LF:10
LH:10
end_of_record
SF:lib\app\habits\data\repositories\habit_repository_impl.dart
DA:11,1
DA:13,1
DA:15,2
DA:16,2
DA:17,1
DA:19,2
DA:23,1
DA:25,2
DA:26,2
DA:27,1
DA:29,2
DA:33,1
DA:35,2
DA:36,1
DA:37,2
DA:38,2
DA:39,2
DA:42,1
DA:46,1
DA:48,2
DA:49,2
DA:50,1
DA:52,2
DA:56,1
DA:58,1
DA:59,1
DA:60,1
DA:61,1
DA:62,1
DA:63,1
DA:64,1
DA:66,1
LF:32
LH:32
end_of_record
SF:lib\core\utils\failure.dart
DA:11,32
DA:17,6
DA:21,6
DA:22,6
DA:23,6
DA:26,1
DA:27,8
DA:31,15
DA:35,15
DA:39,5
DA:43,3
LF:11
LH:11
end_of_record
SF:lib\core\utils\result.dart
DA:7,9
DA:9,5
DA:11,2
DA:13,14
DA:15,2
DA:17,1
DA:21,1
DA:22,2
DA:24,2
DA:28,5
DA:32,30
DA:35,1
DA:36,5
LF:13
LH:13
end_of_record
SF:lib\app\habits\domain\usecases\delete_habit_usecase.dart
DA:15,1
DA:18,1
DA:22,1
DA:23,1
DA:26,2
LF:5
LH:5
end_of_record
SF:lib\app\habits\domain\usecases\fetch_habits_usecase.dart
DA:12,1
DA:15,1
DA:17,2
LF:3
LH:3
end_of_record
SF:lib\app\habits\domain\usecases\save_habit_usecase.dart
DA:15,1
DA:18,1
DA:22,1
DA:23,4
DA:24,4
DA:25,4
DA:26,3
DA:27,3
DA:28,3
DA:29,4
DA:30,4
DA:33,1
DA:34,1
DA:37,3
DA:38,1
DA:40,2
DA:41,3
DA:42,1
DA:43,1
DA:44,3
DA:45,3
DA:49,2
DA:50,2
LF:23
LH:23
end_of_record
SF:lib\app\progress\data\datasources\progress_datasource.local.dart
DA:8,1
DA:12,1
DA:14,3
DA:15,3
DA:21,1
DA:24,3
DA:25,4
DA:30,1
DA:32,3
DA:33,3
LF:10
LH:10
end_of_record
SF:lib\app\progress\data\repositories\progress_repository_impl.dart
DA:11,1
DA:13,1
DA:15,2
DA:16,2
DA:17,1
DA:21,1
DA:23,2
DA:24,2
DA:26,1
DA:28,2
DA:32,1
DA:34,2
DA:35,2
DA:36,1
DA:38,2
DA:42,1
DA:44,1
DA:45,1
DA:46,1
DA:47,1
DA:48,1
DA:49,1
DA:50,1
DA:52,1
LF:24
LH:24
end_of_record
SF:lib\app\progress\domain\usecases\get_progress_usecase.dart
DA:12,1
DA:15,1
DA:17,2
LF:3
LH:3
end_of_record
SF:lib\app\progress\domain\usecases\reset_progress_usecase.dart
DA:11,1
DA:14,1
DA:16,2
LF:3
LH:3
end_of_record
SF:lib\app\progress\domain\usecases\save_progress_usecase.dart
DA:14,1
DA:17,1
DA:21,2
LF:3
LH:3
end_of_record
